<?xml version="1.0" encoding="UTF-8"?>
<testsuite xmlns:xsi="http://www.w3.org/2001/XMLSchema-instance" xsi:noNamespaceSchemaLocation="https://maven.apache.org/surefire/maven-surefire-plugin/xsd/surefire-test-report-3.0.xsd" version="3.0" name="TestSuite" time="147.528" tests="3" errors="0" skipped="0" failures="2">
  <properties>
[...]
</properties>
  <testcase name="login_to_okc" classname="com.okcredit.test.LoginTest" time="40.368">
    <system-out><![CDATA[Allure environment data saved.
[INFO ] 2021-07-08 11:40:39.684 [main] WebDriverManager - Using chromedriver 91.0.4472.101 (resolved driver for Chrome 91)
[INFO ] 2021-07-08 11:40:39.714 [main] WebDriverManager - Exporting webdriver.chrome.driver as /Users/gopi/.cache/selenium/chromedriver/mac64/91.0.4472.101/chromedriver
[INFO ] 2021-07-08 11:40:50.236 [main] LoginDataFactory - Login(mobile=(19) 91732-2365)
]]></system-out>
    <system-err><![CDATA[Starting ChromeDriver 91.0.4472.101 (af52a90bf87030dd1523486a1cd3ae25c5d76c9b-refs/branch-heads/4472@{#1462}) on port 45671
Only local connections are allowed.
Please see https://chromedriver.chromium.org/security-considerations for suggestions on keeping ChromeDriver safe.
ChromeDriver was started successfully.
Jul 08, 2021 11:40:42 AM org.openqa.selenium.remote.ProtocolHandshake createSession
INFO: Detected dialect: W3C
Jul 08, 2021 11:40:42 AM org.openqa.selenium.devtools.CdpVersionFinder findNearestMatch
INFO: Found exact CDP implementation for version 91
]]></system-err>
  </testcase>
  <testcase name="addCustomer_withoutmobile" classname="com.okcredit.test.AddCustomerTest" time="40.672">
    <failure message="Expected condition failed: waiting for element to be clickable: Proxy element for: AjaxElementLocator &apos;By.xpath: //span[normalize-space()=&apos;Add Customer&apos;]&apos; (tried for 30 second(s) with 500 milliseconds interval)" type="org.openqa.selenium.TimeoutException"><![CDATA[org.openqa.selenium.TimeoutException: Expected condition failed: waiting for element to be clickable: Proxy element for: AjaxElementLocator 'By.xpath: //span[normalize-space()='Add Customer']' (tried for 30 second(s) with 500 milliseconds interval)
	at com.okcredit.test.AddCustomerTest.addCustomer_withoutmobile(AddCustomerTest.java:21)
Caused by: org.openqa.selenium.NoSuchElementException: Timed out after 3 seconds. Unable to locate the element
	at com.okcredit.test.AddCustomerTest.addCustomer_withoutmobile(AddCustomerTest.java:21)
Caused by: org.openqa.selenium.NoSuchElementException: 
no such element: Unable to locate element: {"method":"xpath","selector":"//span[normalize-space()='Add Customer']"}
  (Session info: chrome=91.0.4472.114)
For documentation on this error, please visit: https://selenium.dev/exceptions/#no_such_element
Build info: version: '4.0.0-beta-3', revision: '5d108f9a67'
System info: host: 'Gopis-MacBook-Pro.local', ip: '2402:3a80:cda:e184:f3:a14c:fd2b:763f%en0', os.name: 'Mac OS X', os.arch: 'x86_64', os.version: '10.14.5', java.version: '15.0.1'
Driver info: org.openqa.selenium.chrome.ChromeDriver
Command: [3471508db62a350128cbef57d35f269d, findElement {using=xpath, value=//span[normalize-space()='Add Customer']}]
Capabilities {acceptInsecureCerts: false, browserName: chrome, browserVersion: 91.0.4472.114, chrome: {chromedriverVersion: 91.0.4472.101 (af52a90bf870..., userDataDir: /var/folders/ps/b9yy5_0905z...}, goog:chromeOptions: {debuggerAddress: localhost:51263}, javascriptEnabled: true, networkConnectionEnabled: false, pageLoadStrategy: normal, platform: MAC, platformName: MAC, proxy: Proxy(), se:cdp: ws://localhost:51263/devtoo..., se:cdpVersion: 91.0.4472.114, setWindowRect: true, strictFileInteractability: false, timeouts: {implicit: 0, pageLoad: 300000, script: 30000}, unhandledPromptBehavior: dismiss and notify, webauthn:extension:largeBlob: true, webauthn:virtualAuthenticators: true}
Session ID: 3471508db62a350128cbef57d35f269d
	at com.okcredit.test.AddCustomerTest.addCustomer_withoutmobile(AddCustomerTest.java:21)
]]></failure>
    <system-out><![CDATA[[ERROR] 2021-07-08 11:41:25.364 [AsyncHttpClient-1-4] WebSocketHandler - Cannot invoke "io.netty.channel.Channel.attr(io.netty.util.AttributeKey)" because "channel" is null
java.lang.NullPointerException: Cannot invoke "io.netty.channel.Channel.attr(io.netty.util.AttributeKey)" because "channel" is null
	at org.asynchttpclient.netty.channel.Channels.getAttribute(Channels.java:31) ~[async-http-client-2.12.2.jar:?]
	at org.asynchttpclient.netty.request.NettyRequestSender.abort(NettyRequestSender.java:467) ~[async-http-client-2.12.2.jar:?]
	at org.asynchttpclient.netty.handler.AsyncHttpClientHandler.exceptionCaught(AsyncHttpClientHandler.java:201) [async-http-client-2.12.2.jar:?]
	at io.netty.channel.AbstractChannelHandlerContext.invokeExceptionCaught(AbstractChannelHandlerContext.java:302) [netty-transport-4.1.58.Final.jar:4.1.58.Final]
	at io.netty.channel.AbstractChannelHandlerContext.invokeExceptionCaught(AbstractChannelHandlerContext.java:281) [netty-transport-4.1.58.Final.jar:4.1.58.Final]
	at io.netty.channel.AbstractChannelHandlerContext.fireExceptionCaught(AbstractChannelHandlerContext.java:273) [netty-transport-4.1.58.Final.jar:4.1.58.Final]
	at io.netty.channel.DefaultChannelPipeline$HeadContext.exceptionCaught(DefaultChannelPipeline.java:1377) [netty-transport-4.1.58.Final.jar:4.1.58.Final]
	at io.netty.channel.AbstractChannelHandlerContext.invokeExceptionCaught(AbstractChannelHandlerContext.java:302) [netty-transport-4.1.58.Final.jar:4.1.58.Final]
	at io.netty.channel.AbstractChannelHandlerContext.invokeExceptionCaught(AbstractChannelHandlerContext.java:281) [netty-transport-4.1.58.Final.jar:4.1.58.Final]
	at io.netty.channel.DefaultChannelPipeline.fireExceptionCaught(DefaultChannelPipeline.java:907) [netty-transport-4.1.58.Final.jar:4.1.58.Final]
	at io.netty.channel.nio.AbstractNioByteChannel$NioByteUnsafe.handleReadException(AbstractNioByteChannel.java:125) [netty-transport-4.1.58.Final.jar:4.1.58.Final]
	at io.netty.channel.nio.AbstractNioByteChannel$NioByteUnsafe.read(AbstractNioByteChannel.java:177) [netty-transport-4.1.58.Final.jar:4.1.58.Final]
	at io.netty.channel.nio.NioEventLoop.processSelectedKey(NioEventLoop.java:719) [netty-transport-4.1.58.Final.jar:4.1.58.Final]
	at io.netty.channel.nio.NioEventLoop.processSelectedKeysOptimized(NioEventLoop.java:655) [netty-transport-4.1.58.Final.jar:4.1.58.Final]
	at io.netty.channel.nio.NioEventLoop.processSelectedKeys(NioEventLoop.java:581) [netty-transport-4.1.58.Final.jar:4.1.58.Final]
	at io.netty.channel.nio.NioEventLoop.run(NioEventLoop.java:493) [netty-transport-4.1.58.Final.jar:4.1.58.Final]
	at io.netty.util.concurrent.SingleThreadEventExecutor$4.run(SingleThreadEventExecutor.java:989) [netty-common-4.1.58.Final.jar:4.1.58.Final]
	at io.netty.util.internal.ThreadExecutorMap$2.run(ThreadExecutorMap.java:74) [netty-common-4.1.58.Final.jar:4.1.58.Final]
	at io.netty.util.concurrent.FastThreadLocalRunnable.run(FastThreadLocalRunnable.java:30) [netty-common-4.1.58.Final.jar:4.1.58.Final]
	at java.lang.Thread.run(Thread.java:832) [?:?]
[INFO ] 2021-07-08 11:41:25.490 [main] WebDriverManager - Using chromedriver 91.0.4472.101 (resolved driver for Chrome 91)
[INFO ] 2021-07-08 11:41:25.494 [main] WebDriverManager - Exporting webdriver.chrome.driver as /Users/gopi/.cache/selenium/chromedriver/mac64/91.0.4472.101/chromedriver
[ERROR] 2021-07-08 11:42:09.642 [main] TestListener - com.okcredit.test.AddCustomerTest
[ERROR] 2021-07-08 11:42:09.643 [main] TestListener - org.openqa.selenium.TimeoutException: Expected condition failed: waiting for element to be clickable: Proxy element for: AjaxElementLocator 'By.xpath: //span[normalize-space()='Add Customer']' (tried for 30 second(s) with 500 milliseconds interval)
]]></system-out>
    <system-err><![CDATA[Starting ChromeDriver 91.0.4472.101 (af52a90bf87030dd1523486a1cd3ae25c5d76c9b-refs/branch-heads/4472@{#1462}) on port 3682
Only local connections are allowed.
Please see https://chromedriver.chromium.org/security-considerations for suggestions on keeping ChromeDriver safe.
ChromeDriver was started successfully.
Jul 08, 2021 11:41:26 AM org.openqa.selenium.remote.ProtocolHandshake createSession
INFO: Detected dialect: W3C
Jul 08, 2021 11:41:26 AM org.openqa.selenium.devtools.CdpVersionFinder findNearestMatch
INFO: Found exact CDP implementation for version 91
]]></system-err>
  </testcase>
  <testcase name="addsupplier" classname="com.okcredit.test.AddSupplierTest" time="40.74">
    <failure message="Expected condition failed: waiting for element to be clickable: Proxy element for: AjaxElementLocator &apos;By.xpath: //button[normalize-space()=&apos;Supplier&apos;]&apos; (tried for 30 second(s) with 500 milliseconds interval)" type="org.openqa.selenium.TimeoutException"><![CDATA[org.openqa.selenium.TimeoutException: Expected condition failed: waiting for element to be clickable: Proxy element for: AjaxElementLocator 'By.xpath: //button[normalize-space()='Supplier']' (tried for 30 second(s) with 500 milliseconds interval)
	at com.okcredit.test.AddSupplierTest.addsupplier(AddSupplierTest.java:23)
Caused by: org.openqa.selenium.NoSuchElementException: Timed out after 3 seconds. Unable to locate the element
	at com.okcredit.test.AddSupplierTest.addsupplier(AddSupplierTest.java:23)
Caused by: org.openqa.selenium.NoSuchElementException: 
no such element: Unable to locate element: {"method":"xpath","selector":"//button[normalize-space()='Supplier']"}
  (Session info: chrome=91.0.4472.114)
For documentation on this error, please visit: https://selenium.dev/exceptions/#no_such_element
Build info: version: '4.0.0-beta-3', revision: '5d108f9a67'
System info: host: 'Gopis-MacBook-Pro.local', ip: '2402:3a80:cda:e184:f3:a14c:fd2b:763f%en0', os.name: 'Mac OS X', os.arch: 'x86_64', os.version: '10.14.5', java.version: '15.0.1'
Driver info: org.openqa.selenium.chrome.ChromeDriver
Command: [9fff574c0338fc2695e6cd24ea71df8d, findElement {using=xpath, value=//button[normalize-space()='Supplier']}]
Capabilities {acceptInsecureCerts: false, browserName: chrome, browserVersion: 91.0.4472.114, chrome: {chromedriverVersion: 91.0.4472.101 (af52a90bf870..., userDataDir: /var/folders/ps/b9yy5_0905z...}, goog:chromeOptions: {debuggerAddress: localhost:51296}, javascriptEnabled: true, networkConnectionEnabled: false, pageLoadStrategy: normal, platform: MAC, platformName: MAC, proxy: Proxy(), se:cdp: ws://localhost:51296/devtoo..., se:cdpVersion: 91.0.4472.114, setWindowRect: true, strictFileInteractability: false, timeouts: {implicit: 0, pageLoad: 300000, script: 30000}, unhandledPromptBehavior: dismiss and notify, webauthn:extension:largeBlob: true, webauthn:virtualAuthenticators: true}
Session ID: 9fff574c0338fc2695e6cd24ea71df8d
	at com.okcredit.test.AddSupplierTest.addsupplier(AddSupplierTest.java:23)
]]></failure>
    <system-out><![CDATA[[INFO ] 2021-07-08 11:42:10.067 [main] WebDriverManager - Using chromedriver 91.0.4472.101 (resolved driver for Chrome 91)
[INFO ] 2021-07-08 11:42:10.069 [main] WebDriverManager - Exporting webdriver.chrome.driver as /Users/gopi/.cache/selenium/chromedriver/mac64/91.0.4472.101/chromedriver
[ERROR] 2021-07-08 11:42:54.387 [main] TestListener - com.okcredit.test.AddSupplierTest
[ERROR] 2021-07-08 11:42:54.388 [main] TestListener - org.openqa.selenium.TimeoutException: Expected condition failed: waiting for element to be clickable: Proxy element for: AjaxElementLocator 'By.xpath: //button[normalize-space()='Supplier']' (tried for 30 second(s) with 500 milliseconds interval)
]]></system-out>
    <system-err><![CDATA[Starting ChromeDriver 91.0.4472.101 (af52a90bf87030dd1523486a1cd3ae25c5d76c9b-refs/branch-heads/4472@{#1462}) on port 19653
Only local connections are allowed.
Please see https://chromedriver.chromium.org/security-considerations for suggestions on keeping ChromeDriver safe.
ChromeDriver was started successfully.
Jul 08, 2021 11:42:11 AM org.openqa.selenium.remote.ProtocolHandshake createSession
INFO: Detected dialect: W3C
Jul 08, 2021 11:42:11 AM org.openqa.selenium.devtools.CdpVersionFinder findNearestMatch
INFO: Found exact CDP implementation for version 91
]]></system-err>
  </testcase>
</testsuite>